2017-08-23 10:44:51 - PHP Notice:  Undefined variable: manufacturers in C:\OpenServer\domains\auxincar-shop.loc\catalog\view\theme\auxincar\template\common\column_left.tpl on line 16
2017-08-23 10:45:32 - PHP Notice:  Undefined variable: manufacturers in C:\OpenServer\domains\auxincar-shop.loc\catalog\view\theme\auxincar\template\common\column_left.tpl on line 16
2017-08-23 10:47:19 - PHP Notice:  Undefined variable: manufacturers in C:\OpenServer\domains\auxincar-shop.loc\catalog\view\theme\auxincar\template\common\column_left.tpl on line 14
2017-08-23 11:38:56 - PHP Notice:  Undefined variable: count_items in C:\OpenServer\domains\auxincar-shop.loc\catalog\view\theme\auxincar\template\common\cart.tpl on line 7
2017-08-23 11:38:56 - PHP Notice:  Undefined variable: count_items in C:\OpenServer\domains\auxincar-shop.loc\catalog\view\theme\auxincar\template\common\cart.tpl on line 7
2017-08-23 11:39:59 - PHP Notice:  Undefined variable: count_items in C:\OpenServer\domains\auxincar-shop.loc\catalog\view\theme\auxincar\template\common\cart.tpl on line 8
2017-08-23 11:39:59 - PHP Notice:  Undefined variable: count_items in C:\OpenServer\domains\auxincar-shop.loc\catalog\view\theme\auxincar\template\common\cart.tpl on line 8
2017-08-23 11:42:58 - PHP Notice:  Undefined variable: count_items in C:\OpenServer\domains\auxincar-shop.loc\catalog\view\theme\auxincar\template\common\cart.tpl on line 8
2017-08-23 11:42:58 - PHP Notice:  Undefined variable: count_items in C:\OpenServer\domains\auxincar-shop.loc\catalog\view\theme\auxincar\template\common\cart.tpl on line 8
2017-08-23 11:42:59 - PHP Notice:  Undefined variable: count_items in C:\OpenServer\domains\auxincar-shop.loc\catalog\view\theme\auxincar\template\common\cart.tpl on line 8
2017-08-23 11:42:59 - PHP Notice:  Undefined variable: count_items in C:\OpenServer\domains\auxincar-shop.loc\catalog\view\theme\auxincar\template\common\cart.tpl on line 8
2017-08-23 11:50:29 - PHP Warning:  Missing argument 2 for Cart\Currency::format(), called in C:\OpenServer\domains\auxincar-shop.loc\catalog\controller\common\cart.php on line 136 and defined in C:\OpenServer\domains\auxincar-shop.loc\system\library\cart\currency.php on line 24
2017-08-23 11:50:29 - PHP Notice:  Undefined variable: currency in C:\OpenServer\domains\auxincar-shop.loc\system\library\cart\currency.php on line 25
2017-08-23 11:50:29 - PHP Notice:  Undefined index:  in C:\OpenServer\domains\auxincar-shop.loc\system\library\cart\currency.php on line 25
2017-08-23 11:50:29 - PHP Notice:  Undefined variable: currency in C:\OpenServer\domains\auxincar-shop.loc\system\library\cart\currency.php on line 26
2017-08-23 11:50:29 - PHP Notice:  Undefined index:  in C:\OpenServer\domains\auxincar-shop.loc\system\library\cart\currency.php on line 26
2017-08-23 11:50:29 - PHP Notice:  Undefined variable: currency in C:\OpenServer\domains\auxincar-shop.loc\system\library\cart\currency.php on line 27
2017-08-23 11:50:29 - PHP Notice:  Undefined index:  in C:\OpenServer\domains\auxincar-shop.loc\system\library\cart\currency.php on line 27
2017-08-23 11:50:29 - PHP Notice:  Undefined variable: currency in C:\OpenServer\domains\auxincar-shop.loc\system\library\cart\currency.php on line 30
2017-08-23 11:50:29 - PHP Notice:  Undefined index:  in C:\OpenServer\domains\auxincar-shop.loc\system\library\cart\currency.php on line 30
2017-08-23 11:50:29 - PHP Warning:  Missing argument 2 for Cart\Currency::format(), called in C:\OpenServer\domains\auxincar-shop.loc\catalog\controller\common\cart.php on line 136 and defined in C:\OpenServer\domains\auxincar-shop.loc\system\library\cart\currency.php on line 24
2017-08-23 11:50:29 - PHP Notice:  Undefined variable: currency in C:\OpenServer\domains\auxincar-shop.loc\system\library\cart\currency.php on line 25
2017-08-23 11:50:29 - PHP Notice:  Undefined index:  in C:\OpenServer\domains\auxincar-shop.loc\system\library\cart\currency.php on line 25
2017-08-23 11:50:29 - PHP Notice:  Undefined variable: currency in C:\OpenServer\domains\auxincar-shop.loc\system\library\cart\currency.php on line 26
2017-08-23 11:50:29 - PHP Notice:  Undefined index:  in C:\OpenServer\domains\auxincar-shop.loc\system\library\cart\currency.php on line 26
2017-08-23 11:50:29 - PHP Notice:  Undefined variable: currency in C:\OpenServer\domains\auxincar-shop.loc\system\library\cart\currency.php on line 27
2017-08-23 11:50:29 - PHP Notice:  Undefined index:  in C:\OpenServer\domains\auxincar-shop.loc\system\library\cart\currency.php on line 27
2017-08-23 11:50:29 - PHP Notice:  Undefined variable: currency in C:\OpenServer\domains\auxincar-shop.loc\system\library\cart\currency.php on line 30
2017-08-23 11:50:29 - PHP Notice:  Undefined index:  in C:\OpenServer\domains\auxincar-shop.loc\system\library\cart\currency.php on line 30
2017-08-23 11:52:24 - PHP Warning:  sprintf(): Too few arguments in C:\OpenServer\domains\auxincar-shop.loc\catalog\controller\common\cart.php on line 54
2017-08-23 11:52:27 - PHP Warning:  sprintf(): Too few arguments in C:\OpenServer\domains\auxincar-shop.loc\catalog\controller\common\cart.php on line 54
2017-08-23 11:52:29 - PHP Warning:  sprintf(): Too few arguments in C:\OpenServer\domains\auxincar-shop.loc\catalog\controller\common\cart.php on line 54
2017-08-23 12:05:24 - PHP Notice:  Undefined variable: home in C:\OpenServer\domains\auxincar-shop.loc\catalog\view\theme\auxincar\template\common\footer.tpl on line 57
2017-08-23 12:05:32 - PHP Notice:  Undefined variable: home in C:\OpenServer\domains\auxincar-shop.loc\catalog\view\theme\auxincar\template\common\footer.tpl on line 57
2017-08-23 12:05:36 - PHP Notice:  Undefined variable: home in C:\OpenServer\domains\auxincar-shop.loc\catalog\view\theme\auxincar\template\common\footer.tpl on line 57
2017-08-23 12:05:52 - PHP Notice:  Undefined variable: home in C:\OpenServer\domains\auxincar-shop.loc\catalog\view\theme\auxincar\template\common\footer.tpl on line 57
2017-08-23 12:49:48 - PHP Notice:  Undefined variable: product in C:\OpenServer\domains\auxincar-shop.loc\catalog\view\theme\auxincar\template\product\product.tpl on line 56
2017-08-23 13:44:14 - PHP Notice:  Undefined index: fax in C:\OpenServer\domains\auxincar-shop.loc\catalog\model\account\customer.php on line 14
2017-08-23 13:44:14 - PHP Notice:  Undefined index: company in C:\OpenServer\domains\auxincar-shop.loc\catalog\model\account\customer.php on line 18
2017-08-23 13:44:14 - PHP Notice:  Undefined index: address_2 in C:\OpenServer\domains\auxincar-shop.loc\catalog\model\account\customer.php on line 18
2017-08-23 13:44:14 - PHP Notice:  Undefined index: postcode in C:\OpenServer\domains\auxincar-shop.loc\catalog\model\account\customer.php on line 18
2017-08-23 13:44:14 - PHP Warning:  Cannot modify header information - headers already sent by (output started at C:\OpenServer\domains\auxincar-shop.loc\catalog\controller\startup\error.php:34) in C:\OpenServer\domains\auxincar-shop.loc\system\library\response.php on line 12
2017-08-23 15:04:16 - PHP Notice:  Undefined index: stock in C:\OpenServer\domains\auxincar-shop.loc\catalog\view\theme\auxincar\template\product\category.tpl on line 115
2017-08-23 15:04:16 - PHP Notice:  Undefined index: stock in C:\OpenServer\domains\auxincar-shop.loc\catalog\view\theme\auxincar\template\product\category.tpl on line 115
2017-08-23 15:04:16 - PHP Notice:  Undefined index: stock in C:\OpenServer\domains\auxincar-shop.loc\catalog\view\theme\auxincar\template\product\category.tpl on line 115
2017-08-23 15:04:16 - PHP Notice:  Undefined index: stock in C:\OpenServer\domains\auxincar-shop.loc\catalog\view\theme\auxincar\template\product\category.tpl on line 115
2017-08-23 15:04:16 - PHP Notice:  Undefined index: stock in C:\OpenServer\domains\auxincar-shop.loc\catalog\view\theme\auxincar\template\product\category.tpl on line 115
2017-08-23 15:04:16 - PHP Notice:  Undefined index: stock in C:\OpenServer\domains\auxincar-shop.loc\catalog\view\theme\auxincar\template\product\category.tpl on line 115
2017-08-23 15:04:16 - PHP Notice:  Undefined index: stock in C:\OpenServer\domains\auxincar-shop.loc\catalog\view\theme\auxincar\template\product\category.tpl on line 115
2017-08-23 15:04:16 - PHP Notice:  Undefined index: stock in C:\OpenServer\domains\auxincar-shop.loc\catalog\view\theme\auxincar\template\product\category.tpl on line 115
2017-08-23 15:04:16 - PHP Notice:  Undefined index: stock in C:\OpenServer\domains\auxincar-shop.loc\catalog\view\theme\auxincar\template\product\category.tpl on line 115
2017-08-23 15:04:16 - PHP Notice:  Undefined index: stock in C:\OpenServer\domains\auxincar-shop.loc\catalog\view\theme\auxincar\template\product\category.tpl on line 115
2017-08-23 15:04:16 - PHP Notice:  Undefined index: stock in C:\OpenServer\domains\auxincar-shop.loc\catalog\view\theme\auxincar\template\product\category.tpl on line 115
2017-08-23 15:04:16 - PHP Notice:  Undefined index: stock in C:\OpenServer\domains\auxincar-shop.loc\catalog\view\theme\auxincar\template\product\category.tpl on line 115
2017-08-23 15:04:31 - PHP Notice:  Undefined index: stock in C:\OpenServer\domains\auxincar-shop.loc\catalog\view\theme\auxincar\template\product\category.tpl on line 115
2017-08-23 15:04:31 - PHP Notice:  Undefined index: stock in C:\OpenServer\domains\auxincar-shop.loc\catalog\view\theme\auxincar\template\product\category.tpl on line 115
2017-08-23 15:04:31 - PHP Notice:  Undefined index: stock in C:\OpenServer\domains\auxincar-shop.loc\catalog\view\theme\auxincar\template\product\category.tpl on line 115
2017-08-23 15:04:31 - PHP Notice:  Undefined index: stock in C:\OpenServer\domains\auxincar-shop.loc\catalog\view\theme\auxincar\template\product\category.tpl on line 115
2017-08-23 15:04:31 - PHP Notice:  Undefined index: stock in C:\OpenServer\domains\auxincar-shop.loc\catalog\view\theme\auxincar\template\product\category.tpl on line 115
2017-08-23 15:04:31 - PHP Notice:  Undefined index: stock in C:\OpenServer\domains\auxincar-shop.loc\catalog\view\theme\auxincar\template\product\category.tpl on line 115
2017-08-23 15:04:31 - PHP Notice:  Undefined index: stock in C:\OpenServer\domains\auxincar-shop.loc\catalog\view\theme\auxincar\template\product\category.tpl on line 115
2017-08-23 15:04:31 - PHP Notice:  Undefined index: stock in C:\OpenServer\domains\auxincar-shop.loc\catalog\view\theme\auxincar\template\product\category.tpl on line 115
2017-08-23 15:04:31 - PHP Notice:  Undefined index: stock in C:\OpenServer\domains\auxincar-shop.loc\catalog\view\theme\auxincar\template\product\category.tpl on line 115
2017-08-23 15:04:31 - PHP Notice:  Undefined index: stock in C:\OpenServer\domains\auxincar-shop.loc\catalog\view\theme\auxincar\template\product\category.tpl on line 115
2017-08-23 15:04:31 - PHP Notice:  Undefined index: stock in C:\OpenServer\domains\auxincar-shop.loc\catalog\view\theme\auxincar\template\product\category.tpl on line 115
2017-08-23 15:04:31 - PHP Notice:  Undefined index: stock in C:\OpenServer\domains\auxincar-shop.loc\catalog\view\theme\auxincar\template\product\category.tpl on line 115
2017-08-23 15:04:39 - PHP Notice:  Undefined index: stock in C:\OpenServer\domains\auxincar-shop.loc\catalog\view\theme\auxincar\template\product\category.tpl on line 115
2017-08-23 15:04:39 - PHP Notice:  Undefined index: stock in C:\OpenServer\domains\auxincar-shop.loc\catalog\view\theme\auxincar\template\product\category.tpl on line 115
2017-08-23 15:04:39 - PHP Notice:  Undefined index: stock in C:\OpenServer\domains\auxincar-shop.loc\catalog\view\theme\auxincar\template\product\category.tpl on line 115
2017-08-23 15:04:39 - PHP Notice:  Undefined index: stock in C:\OpenServer\domains\auxincar-shop.loc\catalog\view\theme\auxincar\template\product\category.tpl on line 115
2017-08-23 15:04:39 - PHP Notice:  Undefined index: stock in C:\OpenServer\domains\auxincar-shop.loc\catalog\view\theme\auxincar\template\product\category.tpl on line 115
2017-08-23 15:04:39 - PHP Notice:  Undefined index: stock in C:\OpenServer\domains\auxincar-shop.loc\catalog\view\theme\auxincar\template\product\category.tpl on line 115
2017-08-23 15:04:39 - PHP Notice:  Undefined index: stock in C:\OpenServer\domains\auxincar-shop.loc\catalog\view\theme\auxincar\template\product\category.tpl on line 115
2017-08-23 15:04:39 - PHP Notice:  Undefined index: stock in C:\OpenServer\domains\auxincar-shop.loc\catalog\view\theme\auxincar\template\product\category.tpl on line 115
2017-08-23 15:04:39 - PHP Notice:  Undefined index: stock in C:\OpenServer\domains\auxincar-shop.loc\catalog\view\theme\auxincar\template\product\category.tpl on line 115
2017-08-23 15:04:39 - PHP Notice:  Undefined index: stock in C:\OpenServer\domains\auxincar-shop.loc\catalog\view\theme\auxincar\template\product\category.tpl on line 115
2017-08-23 15:04:39 - PHP Notice:  Undefined index: stock in C:\OpenServer\domains\auxincar-shop.loc\catalog\view\theme\auxincar\template\product\category.tpl on line 115
2017-08-23 15:04:39 - PHP Notice:  Undefined index: stock in C:\OpenServer\domains\auxincar-shop.loc\catalog\view\theme\auxincar\template\product\category.tpl on line 115
2017-08-23 15:04:43 - PHP Notice:  Undefined index: stock in C:\OpenServer\domains\auxincar-shop.loc\catalog\view\theme\auxincar\template\product\category.tpl on line 115
2017-08-23 15:04:43 - PHP Notice:  Undefined index: stock in C:\OpenServer\domains\auxincar-shop.loc\catalog\view\theme\auxincar\template\product\category.tpl on line 115
2017-08-23 15:04:43 - PHP Notice:  Undefined index: stock in C:\OpenServer\domains\auxincar-shop.loc\catalog\view\theme\auxincar\template\product\category.tpl on line 115
2017-08-23 15:04:43 - PHP Notice:  Undefined index: stock in C:\OpenServer\domains\auxincar-shop.loc\catalog\view\theme\auxincar\template\product\category.tpl on line 115
2017-08-23 15:04:43 - PHP Notice:  Undefined index: stock in C:\OpenServer\domains\auxincar-shop.loc\catalog\view\theme\auxincar\template\product\category.tpl on line 115
2017-08-23 15:04:43 - PHP Notice:  Undefined index: stock in C:\OpenServer\domains\auxincar-shop.loc\catalog\view\theme\auxincar\template\product\category.tpl on line 115
2017-08-23 15:04:43 - PHP Notice:  Undefined index: stock in C:\OpenServer\domains\auxincar-shop.loc\catalog\view\theme\auxincar\template\product\category.tpl on line 115
2017-08-23 15:04:43 - PHP Notice:  Undefined index: stock in C:\OpenServer\domains\auxincar-shop.loc\catalog\view\theme\auxincar\template\product\category.tpl on line 115
2017-08-23 15:04:43 - PHP Notice:  Undefined index: stock in C:\OpenServer\domains\auxincar-shop.loc\catalog\view\theme\auxincar\template\product\category.tpl on line 115
2017-08-23 15:04:43 - PHP Notice:  Undefined index: stock in C:\OpenServer\domains\auxincar-shop.loc\catalog\view\theme\auxincar\template\product\category.tpl on line 115
2017-08-23 15:04:43 - PHP Notice:  Undefined index: stock in C:\OpenServer\domains\auxincar-shop.loc\catalog\view\theme\auxincar\template\product\category.tpl on line 115
2017-08-23 15:04:43 - PHP Notice:  Undefined index: stock in C:\OpenServer\domains\auxincar-shop.loc\catalog\view\theme\auxincar\template\product\category.tpl on line 115
2017-08-23 15:07:35 - PHP Notice:  Undefined variable: product_info in C:\OpenServer\domains\auxincar-shop.loc\catalog\controller\product\category.php on line 169
2017-08-23 15:07:36 - PHP Notice:  Undefined variable: product_info in C:\OpenServer\domains\auxincar-shop.loc\catalog\controller\product\category.php on line 170
2017-08-23 15:07:36 - PHP Notice:  Undefined index: quantity in C:\OpenServer\domains\auxincar-shop.loc\catalog\controller\product\category.php on line 194
2017-08-23 15:07:36 - PHP Notice:  Undefined index: stock_status in C:\OpenServer\domains\auxincar-shop.loc\catalog\controller\product\category.php on line 195
2017-08-23 15:07:36 - PHP Notice:  Undefined index: stock in C:\OpenServer\domains\auxincar-shop.loc\catalog\view\theme\auxincar\template\product\category.tpl on line 115
2017-08-23 15:07:36 - PHP Notice:  Undefined index: stock in C:\OpenServer\domains\auxincar-shop.loc\catalog\view\theme\auxincar\template\product\category.tpl on line 115
2017-08-23 15:07:36 - PHP Notice:  Undefined index: stock in C:\OpenServer\domains\auxincar-shop.loc\catalog\view\theme\auxincar\template\product\category.tpl on line 115
2017-08-23 15:07:36 - PHP Notice:  Undefined index: stock in C:\OpenServer\domains\auxincar-shop.loc\catalog\view\theme\auxincar\template\product\category.tpl on line 115
2017-08-23 15:07:36 - PHP Notice:  Undefined index: stock in C:\OpenServer\domains\auxincar-shop.loc\catalog\view\theme\auxincar\template\product\category.tpl on line 115
2017-08-23 15:07:36 - PHP Notice:  Undefined index: stock in C:\OpenServer\domains\auxincar-shop.loc\catalog\view\theme\auxincar\template\product\category.tpl on line 115
2017-08-23 15:07:36 - PHP Notice:  Undefined index: stock in C:\OpenServer\domains\auxincar-shop.loc\catalog\view\theme\auxincar\template\product\category.tpl on line 115
2017-08-23 15:07:36 - PHP Notice:  Undefined index: stock in C:\OpenServer\domains\auxincar-shop.loc\catalog\view\theme\auxincar\template\product\category.tpl on line 115
2017-08-23 15:07:36 - PHP Notice:  Undefined index: stock in C:\OpenServer\domains\auxincar-shop.loc\catalog\view\theme\auxincar\template\product\category.tpl on line 115
2017-08-23 15:07:36 - PHP Notice:  Undefined index: stock in C:\OpenServer\domains\auxincar-shop.loc\catalog\view\theme\auxincar\template\product\category.tpl on line 115
2017-08-23 15:07:36 - PHP Notice:  Undefined index: stock in C:\OpenServer\domains\auxincar-shop.loc\catalog\view\theme\auxincar\template\product\category.tpl on line 115
2017-08-23 15:07:36 - PHP Notice:  Undefined index: stock in C:\OpenServer\domains\auxincar-shop.loc\catalog\view\theme\auxincar\template\product\category.tpl on line 115
2017-08-23 15:07:40 - PHP Notice:  Undefined variable: product_info in C:\OpenServer\domains\auxincar-shop.loc\catalog\controller\product\category.php on line 169
2017-08-23 15:07:40 - PHP Notice:  Undefined variable: product_info in C:\OpenServer\domains\auxincar-shop.loc\catalog\controller\product\category.php on line 170
2017-08-23 15:07:40 - PHP Notice:  Undefined index: quantity in C:\OpenServer\domains\auxincar-shop.loc\catalog\controller\product\category.php on line 194
2017-08-23 15:07:40 - PHP Notice:  Undefined index: stock_status in C:\OpenServer\domains\auxincar-shop.loc\catalog\controller\product\category.php on line 195
2017-08-23 15:07:40 - PHP Notice:  Undefined index: stock in C:\OpenServer\domains\auxincar-shop.loc\catalog\view\theme\auxincar\template\product\category.tpl on line 115
2017-08-23 15:07:40 - PHP Notice:  Undefined index: stock in C:\OpenServer\domains\auxincar-shop.loc\catalog\view\theme\auxincar\template\product\category.tpl on line 115
2017-08-23 15:07:40 - PHP Notice:  Undefined index: stock in C:\OpenServer\domains\auxincar-shop.loc\catalog\view\theme\auxincar\template\product\category.tpl on line 115
2017-08-23 15:07:40 - PHP Notice:  Undefined index: stock in C:\OpenServer\domains\auxincar-shop.loc\catalog\view\theme\auxincar\template\product\category.tpl on line 115
2017-08-23 15:07:40 - PHP Notice:  Undefined index: stock in C:\OpenServer\domains\auxincar-shop.loc\catalog\view\theme\auxincar\template\product\category.tpl on line 115
2017-08-23 15:07:40 - PHP Notice:  Undefined index: stock in C:\OpenServer\domains\auxincar-shop.loc\catalog\view\theme\auxincar\template\product\category.tpl on line 115
2017-08-23 15:07:40 - PHP Notice:  Undefined index: stock in C:\OpenServer\domains\auxincar-shop.loc\catalog\view\theme\auxincar\template\product\category.tpl on line 115
2017-08-23 15:07:40 - PHP Notice:  Undefined index: stock in C:\OpenServer\domains\auxincar-shop.loc\catalog\view\theme\auxincar\template\product\category.tpl on line 115
2017-08-23 15:07:40 - PHP Notice:  Undefined index: stock in C:\OpenServer\domains\auxincar-shop.loc\catalog\view\theme\auxincar\template\product\category.tpl on line 115
2017-08-23 15:07:40 - PHP Notice:  Undefined index: stock in C:\OpenServer\domains\auxincar-shop.loc\catalog\view\theme\auxincar\template\product\category.tpl on line 115
2017-08-23 15:07:40 - PHP Notice:  Undefined index: stock in C:\OpenServer\domains\auxincar-shop.loc\catalog\view\theme\auxincar\template\product\category.tpl on line 115
2017-08-23 15:07:40 - PHP Notice:  Undefined index: stock in C:\OpenServer\domains\auxincar-shop.loc\catalog\view\theme\auxincar\template\product\category.tpl on line 115
2017-08-23 15:08:22 - PHP Notice:  Undefined variable: product_id in C:\OpenServer\domains\auxincar-shop.loc\catalog\controller\product\category.php on line 168
2017-08-23 15:08:22 - PHP Notice:  Undefined index: quantity in C:\OpenServer\domains\auxincar-shop.loc\catalog\controller\product\category.php on line 195
2017-08-23 15:08:22 - PHP Notice:  Undefined index: stock_status in C:\OpenServer\domains\auxincar-shop.loc\catalog\controller\product\category.php on line 196
2017-08-23 15:08:22 - PHP Notice:  Undefined index: stock in C:\OpenServer\domains\auxincar-shop.loc\catalog\view\theme\auxincar\template\product\category.tpl on line 115
2017-08-23 15:08:22 - PHP Notice:  Undefined index: stock in C:\OpenServer\domains\auxincar-shop.loc\catalog\view\theme\auxincar\template\product\category.tpl on line 115
2017-08-23 15:08:22 - PHP Notice:  Undefined index: stock in C:\OpenServer\domains\auxincar-shop.loc\catalog\view\theme\auxincar\template\product\category.tpl on line 115
2017-08-23 15:08:22 - PHP Notice:  Undefined index: stock in C:\OpenServer\domains\auxincar-shop.loc\catalog\view\theme\auxincar\template\product\category.tpl on line 115
2017-08-23 15:08:22 - PHP Notice:  Undefined index: stock in C:\OpenServer\domains\auxincar-shop.loc\catalog\view\theme\auxincar\template\product\category.tpl on line 115
2017-08-23 15:08:22 - PHP Notice:  Undefined index: stock in C:\OpenServer\domains\auxincar-shop.loc\catalog\view\theme\auxincar\template\product\category.tpl on line 115
2017-08-23 15:08:22 - PHP Notice:  Undefined index: stock in C:\OpenServer\domains\auxincar-shop.loc\catalog\view\theme\auxincar\template\product\category.tpl on line 115
2017-08-23 15:08:22 - PHP Notice:  Undefined index: stock in C:\OpenServer\domains\auxincar-shop.loc\catalog\view\theme\auxincar\template\product\category.tpl on line 115
2017-08-23 15:08:22 - PHP Notice:  Undefined index: stock in C:\OpenServer\domains\auxincar-shop.loc\catalog\view\theme\auxincar\template\product\category.tpl on line 115
2017-08-23 15:08:22 - PHP Notice:  Undefined index: stock in C:\OpenServer\domains\auxincar-shop.loc\catalog\view\theme\auxincar\template\product\category.tpl on line 115
2017-08-23 15:08:22 - PHP Notice:  Undefined index: stock in C:\OpenServer\domains\auxincar-shop.loc\catalog\view\theme\auxincar\template\product\category.tpl on line 115
2017-08-23 15:08:22 - PHP Notice:  Undefined index: stock in C:\OpenServer\domains\auxincar-shop.loc\catalog\view\theme\auxincar\template\product\category.tpl on line 115
2017-08-23 15:08:47 - PHP Notice:  Undefined index: quantity in C:\OpenServer\domains\auxincar-shop.loc\catalog\controller\product\category.php on line 200
2017-08-23 15:08:47 - PHP Notice:  Undefined index: stock_status in C:\OpenServer\domains\auxincar-shop.loc\catalog\controller\product\category.php on line 201
2017-08-23 15:08:47 - PHP Notice:  Undefined index: stock in C:\OpenServer\domains\auxincar-shop.loc\catalog\view\theme\auxincar\template\product\category.tpl on line 115
2017-08-23 15:08:47 - PHP Notice:  Undefined index: stock in C:\OpenServer\domains\auxincar-shop.loc\catalog\view\theme\auxincar\template\product\category.tpl on line 115
2017-08-23 15:08:47 - PHP Notice:  Undefined index: stock in C:\OpenServer\domains\auxincar-shop.loc\catalog\view\theme\auxincar\template\product\category.tpl on line 115
2017-08-23 15:08:47 - PHP Notice:  Undefined index: stock in C:\OpenServer\domains\auxincar-shop.loc\catalog\view\theme\auxincar\template\product\category.tpl on line 115
2017-08-23 15:08:47 - PHP Notice:  Undefined index: stock in C:\OpenServer\domains\auxincar-shop.loc\catalog\view\theme\auxincar\template\product\category.tpl on line 115
2017-08-23 15:08:47 - PHP Notice:  Undefined index: stock in C:\OpenServer\domains\auxincar-shop.loc\catalog\view\theme\auxincar\template\product\category.tpl on line 115
2017-08-23 15:08:47 - PHP Notice:  Undefined index: stock in C:\OpenServer\domains\auxincar-shop.loc\catalog\view\theme\auxincar\template\product\category.tpl on line 115
2017-08-23 15:08:47 - PHP Notice:  Undefined index: stock in C:\OpenServer\domains\auxincar-shop.loc\catalog\view\theme\auxincar\template\product\category.tpl on line 115
2017-08-23 15:08:47 - PHP Notice:  Undefined index: stock in C:\OpenServer\domains\auxincar-shop.loc\catalog\view\theme\auxincar\template\product\category.tpl on line 115
2017-08-23 15:08:47 - PHP Notice:  Undefined index: stock in C:\OpenServer\domains\auxincar-shop.loc\catalog\view\theme\auxincar\template\product\category.tpl on line 115
2017-08-23 15:08:47 - PHP Notice:  Undefined index: stock in C:\OpenServer\domains\auxincar-shop.loc\catalog\view\theme\auxincar\template\product\category.tpl on line 115
2017-08-23 15:08:47 - PHP Notice:  Undefined index: stock in C:\OpenServer\domains\auxincar-shop.loc\catalog\view\theme\auxincar\template\product\category.tpl on line 115
2017-08-23 15:09:27 - PHP Notice:  Undefined index: quantity in C:\OpenServer\domains\auxincar-shop.loc\catalog\controller\product\category.php on line 198
2017-08-23 15:09:27 - PHP Notice:  Undefined index: stock_status in C:\OpenServer\domains\auxincar-shop.loc\catalog\controller\product\category.php on line 199
2017-08-23 15:09:27 - PHP Notice:  Undefined index: quantity in C:\OpenServer\domains\auxincar-shop.loc\catalog\controller\product\category.php on line 198
2017-08-23 15:09:27 - PHP Notice:  Undefined index: stock_status in C:\OpenServer\domains\auxincar-shop.loc\catalog\controller\product\category.php on line 199
2017-08-23 15:09:27 - PHP Notice:  Undefined index: stock in C:\OpenServer\domains\auxincar-shop.loc\catalog\view\theme\auxincar\template\product\category.tpl on line 115
2017-08-23 15:09:27 - PHP Notice:  Undefined index: stock in C:\OpenServer\domains\auxincar-shop.loc\catalog\view\theme\auxincar\template\product\category.tpl on line 115
2017-08-23 15:09:27 - PHP Notice:  Undefined index: stock in C:\OpenServer\domains\auxincar-shop.loc\catalog\view\theme\auxincar\template\product\category.tpl on line 115
2017-08-23 15:09:27 - PHP Notice:  Undefined index: stock in C:\OpenServer\domains\auxincar-shop.loc\catalog\view\theme\auxincar\template\product\category.tpl on line 115
2017-08-23 15:09:27 - PHP Notice:  Undefined index: stock in C:\OpenServer\domains\auxincar-shop.loc\catalog\view\theme\auxincar\template\product\category.tpl on line 115
2017-08-23 15:09:27 - PHP Notice:  Undefined index: stock in C:\OpenServer\domains\auxincar-shop.loc\catalog\view\theme\auxincar\template\product\category.tpl on line 115
2017-08-23 15:09:27 - PHP Notice:  Undefined index: stock in C:\OpenServer\domains\auxincar-shop.loc\catalog\view\theme\auxincar\template\product\category.tpl on line 115
2017-08-23 15:09:27 - PHP Notice:  Undefined index: stock in C:\OpenServer\domains\auxincar-shop.loc\catalog\view\theme\auxincar\template\product\category.tpl on line 115
2017-08-23 15:09:27 - PHP Notice:  Undefined index: stock in C:\OpenServer\domains\auxincar-shop.loc\catalog\view\theme\auxincar\template\product\category.tpl on line 115
2017-08-23 15:09:27 - PHP Notice:  Undefined index: stock in C:\OpenServer\domains\auxincar-shop.loc\catalog\view\theme\auxincar\template\product\category.tpl on line 115
2017-08-23 15:09:27 - PHP Notice:  Undefined index: stock in C:\OpenServer\domains\auxincar-shop.loc\catalog\view\theme\auxincar\template\product\category.tpl on line 115
2017-08-23 15:09:27 - PHP Notice:  Undefined index: stock in C:\OpenServer\domains\auxincar-shop.loc\catalog\view\theme\auxincar\template\product\category.tpl on line 115
2017-08-23 15:17:38 - PHP Notice:  Undefined index: stock_status in C:\OpenServer\domains\auxincar-shop.loc\catalog\view\theme\auxincar\template\extension\module\latest.tpl on line 19
2017-08-23 15:17:38 - PHP Notice:  Undefined index: stock_status in C:\OpenServer\domains\auxincar-shop.loc\catalog\view\theme\auxincar\template\extension\module\latest.tpl on line 19
2017-08-23 15:17:38 - PHP Notice:  Undefined index: stock_status in C:\OpenServer\domains\auxincar-shop.loc\catalog\view\theme\auxincar\template\extension\module\latest.tpl on line 19
2017-08-23 15:17:38 - PHP Notice:  Undefined index: stock_status in C:\OpenServer\domains\auxincar-shop.loc\catalog\view\theme\auxincar\template\extension\module\latest.tpl on line 19
2017-08-23 15:17:38 - PHP Notice:  Undefined index: stock_status in C:\OpenServer\domains\auxincar-shop.loc\catalog\view\theme\auxincar\template\extension\module\latest.tpl on line 19
2017-08-23 15:17:38 - PHP Notice:  Undefined index: stock_status in C:\OpenServer\domains\auxincar-shop.loc\catalog\view\theme\auxincar\template\extension\module\latest.tpl on line 19
2017-08-23 15:17:38 - PHP Notice:  Undefined index: stock_status in C:\OpenServer\domains\auxincar-shop.loc\catalog\view\theme\auxincar\template\extension\module\latest.tpl on line 19
2017-08-23 15:17:38 - PHP Notice:  Undefined index: stock_status in C:\OpenServer\domains\auxincar-shop.loc\catalog\view\theme\auxincar\template\extension\module\latest.tpl on line 19
2017-08-23 15:17:38 - PHP Notice:  Undefined index: stock_status in C:\OpenServer\domains\auxincar-shop.loc\catalog\view\theme\auxincar\template\extension\module\latest.tpl on line 19
2017-08-28 13:06:35 - PHP Notice:  Undefined index: stock_status in C:\OpenServer\domains\auxincar-shop.loc\catalog\view\theme\auxincar\template\product\manufacturer_info.tpl on line 66
2017-08-28 13:06:35 - PHP Notice:  Undefined index: stock_status in C:\OpenServer\domains\auxincar-shop.loc\catalog\view\theme\auxincar\template\product\manufacturer_info.tpl on line 66
2017-08-28 13:06:35 - PHP Notice:  Undefined index: stock_status in C:\OpenServer\domains\auxincar-shop.loc\catalog\view\theme\auxincar\template\product\manufacturer_info.tpl on line 66
2017-08-28 13:06:35 - PHP Notice:  Undefined index: stock_status in C:\OpenServer\domains\auxincar-shop.loc\catalog\view\theme\auxincar\template\product\manufacturer_info.tpl on line 66
2017-08-28 13:06:35 - PHP Notice:  Undefined index: stock_status in C:\OpenServer\domains\auxincar-shop.loc\catalog\view\theme\auxincar\template\product\manufacturer_info.tpl on line 66
2017-08-28 13:06:35 - PHP Notice:  Undefined index: stock_status in C:\OpenServer\domains\auxincar-shop.loc\catalog\view\theme\auxincar\template\product\manufacturer_info.tpl on line 66
2017-08-28 13:06:35 - PHP Notice:  Undefined index: stock_status in C:\OpenServer\domains\auxincar-shop.loc\catalog\view\theme\auxincar\template\product\manufacturer_info.tpl on line 66
2017-08-28 13:06:35 - PHP Notice:  Undefined index: stock_status in C:\OpenServer\domains\auxincar-shop.loc\catalog\view\theme\auxincar\template\product\manufacturer_info.tpl on line 66
2017-08-28 13:06:35 - PHP Notice:  Undefined index: stock_status in C:\OpenServer\domains\auxincar-shop.loc\catalog\view\theme\auxincar\template\product\manufacturer_info.tpl on line 66
2017-08-28 13:06:35 - PHP Notice:  Undefined index: stock_status in C:\OpenServer\domains\auxincar-shop.loc\catalog\view\theme\auxincar\template\product\manufacturer_info.tpl on line 66
2017-08-28 13:12:38 - PHP Notice:  Undefined variable: description in C:\OpenServer\domains\auxincar-shop.loc\catalog\view\theme\auxincar\template\product\manufacturer_list.tpl on line 18
2017-08-28 13:13:45 - PHP Notice:  Undefined index: href in C:\OpenServer\domains\auxincar-shop.loc\catalog\view\theme\auxincar\template\product\manufacturer_list.tpl on line 23
2017-08-28 13:13:45 - PHP Notice:  Undefined index: thumb in C:\OpenServer\domains\auxincar-shop.loc\catalog\view\theme\auxincar\template\product\manufacturer_list.tpl on line 25
2017-08-28 13:13:45 - PHP Notice:  Undefined index: href in C:\OpenServer\domains\auxincar-shop.loc\catalog\view\theme\auxincar\template\product\manufacturer_list.tpl on line 23
2017-08-28 13:13:45 - PHP Notice:  Undefined index: thumb in C:\OpenServer\domains\auxincar-shop.loc\catalog\view\theme\auxincar\template\product\manufacturer_list.tpl on line 25
2017-08-28 13:13:45 - PHP Notice:  Undefined index: href in C:\OpenServer\domains\auxincar-shop.loc\catalog\view\theme\auxincar\template\product\manufacturer_list.tpl on line 23
2017-08-28 13:13:45 - PHP Notice:  Undefined index: thumb in C:\OpenServer\domains\auxincar-shop.loc\catalog\view\theme\auxincar\template\product\manufacturer_list.tpl on line 25
2017-08-28 13:13:45 - PHP Notice:  Undefined index: href in C:\OpenServer\domains\auxincar-shop.loc\catalog\view\theme\auxincar\template\product\manufacturer_list.tpl on line 23
2017-08-28 13:13:45 - PHP Notice:  Undefined index: thumb in C:\OpenServer\domains\auxincar-shop.loc\catalog\view\theme\auxincar\template\product\manufacturer_list.tpl on line 25
2017-08-28 13:13:45 - PHP Notice:  Undefined index: href in C:\OpenServer\domains\auxincar-shop.loc\catalog\view\theme\auxincar\template\product\manufacturer_list.tpl on line 23
2017-08-28 13:13:45 - PHP Notice:  Undefined index: thumb in C:\OpenServer\domains\auxincar-shop.loc\catalog\view\theme\auxincar\template\product\manufacturer_list.tpl on line 25
2017-08-28 13:14:13 - PHP Notice:  Undefined index: href in C:\OpenServer\domains\auxincar-shop.loc\catalog\view\theme\auxincar\template\product\manufacturer_list.tpl on line 47
2017-08-28 13:14:13 - PHP Notice:  Undefined index: thumb in C:\OpenServer\domains\auxincar-shop.loc\catalog\view\theme\auxincar\template\product\manufacturer_list.tpl on line 49
2017-08-28 13:14:13 - PHP Notice:  Undefined index: href in C:\OpenServer\domains\auxincar-shop.loc\catalog\view\theme\auxincar\template\product\manufacturer_list.tpl on line 47
2017-08-28 13:14:13 - PHP Notice:  Undefined index: thumb in C:\OpenServer\domains\auxincar-shop.loc\catalog\view\theme\auxincar\template\product\manufacturer_list.tpl on line 49
2017-08-28 13:14:13 - PHP Notice:  Undefined index: href in C:\OpenServer\domains\auxincar-shop.loc\catalog\view\theme\auxincar\template\product\manufacturer_list.tpl on line 47
2017-08-28 13:14:13 - PHP Notice:  Undefined index: thumb in C:\OpenServer\domains\auxincar-shop.loc\catalog\view\theme\auxincar\template\product\manufacturer_list.tpl on line 49
2017-08-28 13:14:13 - PHP Notice:  Undefined index: href in C:\OpenServer\domains\auxincar-shop.loc\catalog\view\theme\auxincar\template\product\manufacturer_list.tpl on line 47
2017-08-28 13:14:13 - PHP Notice:  Undefined index: thumb in C:\OpenServer\domains\auxincar-shop.loc\catalog\view\theme\auxincar\template\product\manufacturer_list.tpl on line 49
2017-08-28 13:14:13 - PHP Notice:  Undefined index: href in C:\OpenServer\domains\auxincar-shop.loc\catalog\view\theme\auxincar\template\product\manufacturer_list.tpl on line 47
2017-08-28 13:14:13 - PHP Notice:  Undefined index: thumb in C:\OpenServer\domains\auxincar-shop.loc\catalog\view\theme\auxincar\template\product\manufacturer_list.tpl on line 49
2017-08-28 13:15:43 - PHP Notice:  Undefined index: href in C:\OpenServer\domains\auxincar-shop.loc\catalog\view\theme\auxincar\template\product\manufacturer_list.tpl on line 47
2017-08-28 13:15:43 - PHP Notice:  Undefined index: thumb in C:\OpenServer\domains\auxincar-shop.loc\catalog\view\theme\auxincar\template\product\manufacturer_list.tpl on line 49
2017-08-28 13:15:43 - PHP Notice:  Undefined index: href in C:\OpenServer\domains\auxincar-shop.loc\catalog\view\theme\auxincar\template\product\manufacturer_list.tpl on line 47
2017-08-28 13:15:43 - PHP Notice:  Undefined index: thumb in C:\OpenServer\domains\auxincar-shop.loc\catalog\view\theme\auxincar\template\product\manufacturer_list.tpl on line 49
2017-08-28 13:15:43 - PHP Notice:  Undefined index: href in C:\OpenServer\domains\auxincar-shop.loc\catalog\view\theme\auxincar\template\product\manufacturer_list.tpl on line 47
2017-08-28 13:15:43 - PHP Notice:  Undefined index: thumb in C:\OpenServer\domains\auxincar-shop.loc\catalog\view\theme\auxincar\template\product\manufacturer_list.tpl on line 49
2017-08-28 13:15:43 - PHP Notice:  Undefined index: href in C:\OpenServer\domains\auxincar-shop.loc\catalog\view\theme\auxincar\template\product\manufacturer_list.tpl on line 47
2017-08-28 13:15:43 - PHP Notice:  Undefined index: thumb in C:\OpenServer\domains\auxincar-shop.loc\catalog\view\theme\auxincar\template\product\manufacturer_list.tpl on line 49
2017-08-28 13:15:43 - PHP Notice:  Undefined index: href in C:\OpenServer\domains\auxincar-shop.loc\catalog\view\theme\auxincar\template\product\manufacturer_list.tpl on line 47
2017-08-28 13:15:43 - PHP Notice:  Undefined index: thumb in C:\OpenServer\domains\auxincar-shop.loc\catalog\view\theme\auxincar\template\product\manufacturer_list.tpl on line 49
2017-08-28 13:15:49 - PHP Notice:  Undefined index: href in C:\OpenServer\domains\auxincar-shop.loc\catalog\view\theme\auxincar\template\product\manufacturer_list.tpl on line 47
2017-08-28 13:15:49 - PHP Notice:  Undefined index: thumb in C:\OpenServer\domains\auxincar-shop.loc\catalog\view\theme\auxincar\template\product\manufacturer_list.tpl on line 49
2017-08-28 13:15:49 - PHP Notice:  Undefined index: href in C:\OpenServer\domains\auxincar-shop.loc\catalog\view\theme\auxincar\template\product\manufacturer_list.tpl on line 47
2017-08-28 13:15:49 - PHP Notice:  Undefined index: thumb in C:\OpenServer\domains\auxincar-shop.loc\catalog\view\theme\auxincar\template\product\manufacturer_list.tpl on line 49
2017-08-28 13:15:49 - PHP Notice:  Undefined index: href in C:\OpenServer\domains\auxincar-shop.loc\catalog\view\theme\auxincar\template\product\manufacturer_list.tpl on line 47
2017-08-28 13:15:49 - PHP Notice:  Undefined index: thumb in C:\OpenServer\domains\auxincar-shop.loc\catalog\view\theme\auxincar\template\product\manufacturer_list.tpl on line 49
2017-08-28 13:15:49 - PHP Notice:  Undefined index: href in C:\OpenServer\domains\auxincar-shop.loc\catalog\view\theme\auxincar\template\product\manufacturer_list.tpl on line 47
2017-08-28 13:15:49 - PHP Notice:  Undefined index: thumb in C:\OpenServer\domains\auxincar-shop.loc\catalog\view\theme\auxincar\template\product\manufacturer_list.tpl on line 49
2017-08-28 13:15:49 - PHP Notice:  Undefined index: href in C:\OpenServer\domains\auxincar-shop.loc\catalog\view\theme\auxincar\template\product\manufacturer_list.tpl on line 47
2017-08-28 13:15:49 - PHP Notice:  Undefined index: thumb in C:\OpenServer\domains\auxincar-shop.loc\catalog\view\theme\auxincar\template\product\manufacturer_list.tpl on line 49
2017-08-28 13:16:12 - PHP Notice:  Undefined index: href in C:\OpenServer\domains\auxincar-shop.loc\catalog\view\theme\auxincar\template\product\manufacturer_list.tpl on line 47
2017-08-28 13:16:12 - PHP Notice:  Undefined index: thumb in C:\OpenServer\domains\auxincar-shop.loc\catalog\view\theme\auxincar\template\product\manufacturer_list.tpl on line 49
2017-08-28 13:16:12 - PHP Notice:  Undefined index: href in C:\OpenServer\domains\auxincar-shop.loc\catalog\view\theme\auxincar\template\product\manufacturer_list.tpl on line 47
2017-08-28 13:16:12 - PHP Notice:  Undefined index: thumb in C:\OpenServer\domains\auxincar-shop.loc\catalog\view\theme\auxincar\template\product\manufacturer_list.tpl on line 49
2017-08-28 13:16:12 - PHP Notice:  Undefined index: href in C:\OpenServer\domains\auxincar-shop.loc\catalog\view\theme\auxincar\template\product\manufacturer_list.tpl on line 47
2017-08-28 13:16:12 - PHP Notice:  Undefined index: thumb in C:\OpenServer\domains\auxincar-shop.loc\catalog\view\theme\auxincar\template\product\manufacturer_list.tpl on line 49
2017-08-28 13:16:12 - PHP Notice:  Undefined index: href in C:\OpenServer\domains\auxincar-shop.loc\catalog\view\theme\auxincar\template\product\manufacturer_list.tpl on line 47
2017-08-28 13:16:12 - PHP Notice:  Undefined index: thumb in C:\OpenServer\domains\auxincar-shop.loc\catalog\view\theme\auxincar\template\product\manufacturer_list.tpl on line 49
2017-08-28 13:16:12 - PHP Notice:  Undefined index: href in C:\OpenServer\domains\auxincar-shop.loc\catalog\view\theme\auxincar\template\product\manufacturer_list.tpl on line 47
2017-08-28 13:16:12 - PHP Notice:  Undefined index: thumb in C:\OpenServer\domains\auxincar-shop.loc\catalog\view\theme\auxincar\template\product\manufacturer_list.tpl on line 49
2017-08-28 13:22:51 - PHP Notice:  Undefined variable: stock_status in C:\OpenServer\domains\auxincar-shop.loc\catalog\view\theme\auxincar\template\product\product.tpl on line 38
2017-08-28 13:24:55 - PHP Notice:  Undefined variable: stock_status in C:\OpenServer\domains\auxincar-shop.loc\catalog\view\theme\auxincar\template\product\product.tpl on line 38
2017-08-28 13:25:46 - PHP Notice:  Undefined variable: stock_status in C:\OpenServer\domains\auxincar-shop.loc\catalog\view\theme\auxincar\template\product\product.tpl on line 38
2017-08-28 13:34:51 - PHP Notice:  Undefined variable: product_id in C:\OpenServer\domains\auxincar-shop.loc\catalog\controller\product\manufacturer.php on line 203
2017-08-28 13:34:51 - PHP Notice:  Undefined index: stock_status in C:\OpenServer\domains\auxincar-shop.loc\catalog\view\theme\auxincar\template\product\manufacturer_info.tpl on line 77
2017-08-28 13:35:42 - PHP Notice:  Undefined variable: product_id in C:\OpenServer\domains\auxincar-shop.loc\catalog\controller\product\manufacturer.php on line 203
2017-08-28 14:02:14 - PHP Notice:  Undefined variable: class in C:\OpenServer\domains\auxincar-shop.loc\catalog\view\theme\auxincar\template\common\home.tpl on line 4
